Files already downloaded and verified
DATA LOADED SUCCESSFULLY

 Instance is running on:  cuda
EPOCHS: 200


Epoch 1/200:
D_loss:-860877.9191727743
G_loss:404637.97158145905


Epoch 2/200:
D_loss:-3955219.5926837698
G_loss:1883921.7267344734


Epoch 3/200:
D_loss:-8970693.688993717
G_loss:4337175.308667453


Epoch 4/200:
D_loss:-15863612.396422965
G_loss:7761694.367924528


Epoch 5/200:
D_loss:-24656704.5654874
G_loss:12170552.479166666


Epoch 6/200:
D_loss:-35396717.08301881
G_loss:17580180.559748426


Epoch 7/200:
D_loss:-48100113.83223257
G_loss:23998275.191037737


Epoch 8/200:
D_loss:-62690401.084433705
G_loss:31383675.880503144


Epoch 9/200:
D_loss:-79286984.96540873
G_loss:39780069.55503145


Epoch 10/200:
D_loss:-97928251.8899365
G_loss:49215486.85534591


Epoch 11/200:
D_loss:-118592668.00314446
G_loss:59679179.35534591


Epoch 12/200:
D_loss:-141394290.47672895
G_loss:71213061.6745283


Epoch 13/200:
D_loss:-166684365.04779947
G_loss:83959631.5471698


Epoch 14/200:
D_loss:-194823133.13962194
G_loss:98132144.77672955


Epoch 15/200:
D_loss:-226279037.87043968
G_loss:114004188.39308175


Epoch 16/200:
D_loss:-261832816.4289296
G_loss:131929001.55031447


Epoch 17/200:
D_loss:-301908904.38238794
G_loss:152149524.3773585


Epoch 18/200:
D_loss:-346389322.31068957
G_loss:174667193.5408805


Epoch 19/200:
D_loss:-394899376.6477987
G_loss:199168897.26415095


Epoch 20/200:
D_loss:-448292517.2528296
G_loss:226025349.2955975


Epoch 21/200:
D_loss:-506454347.1081784
G_loss:255312425.2955975


Epoch 22/200:
D_loss:-568267159.0943384
G_loss:286472777.4213836


Epoch 23/200:
D_loss:-636308951.2528291
G_loss:320708307.9496855


Epoch 24/200:
D_loss:-713188319.6754733
G_loss:359703830.7169811


Epoch 25/200:
D_loss:-797918382.9861647
G_loss:402679692.2893082


Epoch 26/200:
D_loss:-891556127.9949684
G_loss:450328510.7924528


Epoch 27/200:
D_loss:-990337897.330818
G_loss:500832227.6603774


Epoch 28/200:
D_loss:-1095548605.7660398
G_loss:554918476.6666666


Epoch 29/200:
D_loss:-1209833081.2930803
G_loss:613237395.4968554


Epoch 30/200:
D_loss:-1332241770.636472
G_loss:675973177.3584906


Epoch 31/200:
D_loss:-1456641836.0050285
G_loss:740296429.7610062


Epoch 32/200:
D_loss:-1585727503.602515
G_loss:806756540.855346


Epoch 33/200:
D_loss:-1725573595.0088034
G_loss:878922303.2201258


Epoch 34/200:
D_loss:-1871600864.8905754
G_loss:953190887.8490566


Epoch 35/200:
D_loss:-2021818461.122012
G_loss:1031568641.0062894


Epoch 36/200:
D_loss:-2177996934.279249
G_loss:1111336112.1761007


Epoch 37/200:
D_loss:-2329552447.3559875
G_loss:1191191160.1509433


Epoch 38/200:
D_loss:-2494151988.890567
G_loss:1274864777.4591196


Epoch 39/200:
D_loss:-2660016985.569803
G_loss:1360083375.0943396


Epoch 40/200:
D_loss:-2832525134.480516
G_loss:1449364852.2767296


Epoch 41/200:
D_loss:-3004267117.6855416
G_loss:1540191319.3962264


Epoch 42/200:
D_loss:-3183336043.884279
G_loss:1631850196.0754716


Epoch 43/200:
D_loss:-3373151139.8339696
G_loss:1729579896.5031447


Epoch 44/200:
D_loss:-3563296531.9748344
G_loss:1828886403.471698


Epoch 45/200:
D_loss:-3759496582.0276895
G_loss:1930763460.528302


Epoch 46/200:
D_loss:-3975471071.949673
G_loss:2036402619.874214


Epoch 47/200:
D_loss:-4191380724.7899246
G_loss:2149218436.3773584


Epoch 48/200:
D_loss:-4408579871.476747
G_loss:2263599383.6981134


Epoch 49/200:
D_loss:-4622418388.5484295
G_loss:2375777340.72956


Epoch 50/200:
D_loss:-4849581613.162267
G_loss:2492996502.5408807


Epoch 51/200:
D_loss:-5061775831.245285
G_loss:2609637659.6226416


Epoch 52/200:
D_loss:-5305236518.641509
G_loss:2726988603.8742137


Epoch 53/200:
D_loss:-5514720331.71323
G_loss:2844826954.1635222


Epoch 54/200:
D_loss:-5767389719.567289
G_loss:2966010087.446541


Epoch 55/200:
D_loss:-6011364808.513212
G_loss:3096346374.943396


Epoch 56/200:
D_loss:-6277112104.67423
G_loss:3230192808.0503144


Epoch 57/200:
D_loss:-6532068430.95347
G_loss:3361685748.8301888


Epoch 58/200:
D_loss:-6777156714.948402
G_loss:3495371447.5471697


Epoch 59/200:
D_loss:-7031024594.2138195
G_loss:3628860092.6792455


Epoch 60/200:
D_loss:-7284186449.63021
G_loss:3762732994.8176103


Epoch 61/200:
D_loss:-7585544184.392462
G_loss:3905702600.553459


Epoch 62/200:
D_loss:-7866351414.500662
G_loss:4051337352.955975


Epoch 63/200:
D_loss:-8142812166.319479
G_loss:4199869571.6226416


Epoch 64/200:
D_loss:-8445893553.167345
G_loss:4351377410.515723


Epoch 65/200:
D_loss:-8714762686.188705
G_loss:4504177808.503144


Epoch 66/200:
D_loss:-9000185352.130798
G_loss:4653699879.647799


Epoch 67/200:
D_loss:-9292490816.483074
G_loss:4809369160.150944


Epoch 68/200:
D_loss:-9620438803.602531
G_loss:4968128944.704403


Epoch 69/200:
