Files already downloaded and verified
DATA LOADED SUCCESSFULLY

 Instance is running on:  cuda
EPOCHS: 200
D_loss:-15.006837649732297
G_loss:13.828405504950208
D_loss:-3.1108038017538036
G_loss:12.523042547177958
D_loss:-2.1619332507580853
G_loss:11.538794907084052
D_loss:-1.641337995472181
G_loss:10.600977903342088
D_loss:-1.2615533565999804
G_loss:8.999377007304508
D_loss:-0.7663980610207373
G_loss:4.629128095064213
D_loss:-0.37586254331040975
G_loss:-3.4297714615433974
D_loss:-0.34932625726598976
G_loss:-5.508992941691629
D_loss:-0.3762806316261819
G_loss:-7.371865643045428
D_loss:-0.3735811479994444
G_loss:-7.7110635116415285
D_loss:-0.42320167763933364
G_loss:-8.485640717152537
D_loss:-0.3971472837591727
G_loss:-11.035183682006856
D_loss:-0.386438262430183
G_loss:-10.40432295664301
D_loss:-0.3751254816625972
G_loss:-14.288535777277914
D_loss:-0.3920887946916313
G_loss:-12.653770826222761
D_loss:-0.37584039670186065
G_loss:-12.840015025858612
D_loss:-0.3314147073373199
G_loss:-16.733045037587456
D_loss:-0.32082640494720727
G_loss:-16.764118667518535
D_loss:-0.2937894483287993
G_loss:-18.15132852470344
D_loss:-0.32215785770871036
G_loss:-15.150994927478271
D_loss:-0.2909404234594595
G_loss:-17.54954652246445
D_loss:-0.2892307467515568
G_loss:-18.9458647551027
D_loss:-0.316245314592067
G_loss:-19.827478481988475
D_loss:-0.2888837017903104
G_loss:-20.130837243158116
D_loss:-0.30964974452977023
G_loss:-13.315996097693652
D_loss:-0.3179154108592181
G_loss:-21.426128527503334
D_loss:-0.31239367902473697
G_loss:-16.344991513618126
D_loss:-0.3045340655490887
G_loss:-17.369704219230325
D_loss:-0.3748983545031158
G_loss:-15.326821917108022
D_loss:-0.4580690453006203
G_loss:-13.893072679807537
D_loss:-0.3400283951417
G_loss:-13.794621184187113
D_loss:-0.3080977780543082
G_loss:-17.33332078561847
D_loss:-0.31570143701472775
G_loss:-19.291540400487058
D_loss:-0.3490628989697466
G_loss:-19.229518144235673
D_loss:-0.29713949047127075
G_loss:-19.013159531767233
D_loss:-0.307350384769595
G_loss:-27.50013703820089
D_loss:-0.3198867458133716
G_loss:-18.89499402720975
D_loss:-0.29455518503395306
G_loss:-25.477327739067746
D_loss:-0.30245147494071295
G_loss:-24.248339032527113
D_loss:-0.32848681410805186
G_loss:-16.77116599502801
D_loss:-0.2983034729261298
G_loss:-23.066079085428008
D_loss:-0.316834951646598
G_loss:-19.359965881011743
D_loss:-0.3151914869137876
G_loss:-19.828669722649998
D_loss:-0.3240312469494949
G_loss:-13.096430228683365
D_loss:-0.3342672553654391
G_loss:-19.33608398666636
D_loss:-0.34505874530881525
G_loss:-18.540539228878732
D_loss:-0.3516740687299849
G_loss:-22.22644211676135
D_loss:-0.3898508361777957
G_loss:-20.386164749352808
D_loss:-0.3768793266820098
G_loss:-24.199763429539736
D_loss:-0.3873489588299173
G_loss:-22.58834818283904
D_loss:-0.38052040992869157
G_loss:-17.922334787399535
D_loss:-0.40549753368993185
G_loss:-27.605877220930537
D_loss:-0.4216058141940712
G_loss:-24.32491719067191
D_loss:-0.38433716393258216
G_loss:-26.917842053701676
D_loss:-0.4044846510610184
G_loss:-27.211989343691243
D_loss:-0.430071113641455
G_loss:-26.04185024837278
D_loss:-0.40595562865323526
G_loss:-30.385560702677704
D_loss:-0.42529112404870073
G_loss:-32.78354788636262
D_loss:-0.41361964606885177
G_loss:-30.000046428480477
D_loss:-0.4126252526653125
G_loss:-22.993076359822645
D_loss:-0.42008761628139096
G_loss:-25.946039898107827
D_loss:-0.3956831391209234
G_loss:-13.6238956244598
D_loss:-0.4228930386427983
G_loss:-31.074029011321436
D_loss:-0.42137900040489973
G_loss:-24.88255187713969
D_loss:-0.4237798459646709
G_loss:-37.14707169210383
D_loss:-0.40146541018844284
G_loss:-29.49674014506753
D_loss:-0.409945874837001
G_loss:-27.975196184234417
D_loss:-0.4078245745518595
G_loss:-33.359400921029085
D_loss:-0.3959089424211813
G_loss:-25.15036665792549
D_loss:-0.42981150827964215
G_loss:-29.57209999192052
D_loss:-0.3835992319122067
G_loss:-28.47101322628984
D_loss:-0.40915449063140485
G_loss:-33.53939441404537
D_loss:-0.43108440532649955
G_loss:-34.740223921769854
D_loss:-0.44083966776913985
G_loss:-37.32855982968827
D_loss:-0.4189545894306687
G_loss:-36.734664015500094
D_loss:-0.42180277493239826
G_loss:-42.99357946987661
D_loss:-0.4233286017828246
G_loss:-37.40983996252592
D_loss:-0.4126850797883727
G_loss:-22.09362767648254
D_loss:-0.43031772313399275
G_loss:-22.849116600899944
D_loss:-0.4194119501966942
G_loss:-24.09531793468778
D_loss:-0.4301834026404295
G_loss:-24.540288220479486
D_loss:-0.40574795220690946
G_loss:-21.151079232393833
D_loss:-0.39657401240280227
G_loss:-23.578033138481274
D_loss:-0.37410267024808397
G_loss:-26.12231031286201
D_loss:-0.41720949140450236
G_loss:-36.754967182780966
D_loss:-0.43670286708969
G_loss:-26.68616124610388
D_loss:-0.421628130973741
G_loss:-24.442273860272504
D_loss:-0.4411528699814222
G_loss:-22.14826181948
D_loss:-0.45553543411682745
G_loss:-27.301318003776142
D_loss:-0.42028013995003516
G_loss:-23.882208558491797
D_loss:-0.43641395194301646
G_loss:-20.054724211761215
D_loss:-0.4132628099475224
G_loss:-16.60289918768145
D_loss:-0.3988917386637968
G_loss:-18.887992314708463
D_loss:-0.3879121222787709
G_loss:-24.056851518360368
D_loss:-0.4090617012103687
G_loss:-12.515003127241574
D_loss:-0.3913010806764133
G_loss:-34.70166980739121
D_loss:-0.4168796965149337
G_loss:-35.513034044072604
D_loss:-0.42936786093076773
G_loss:-31.93836621464043
D_loss:-0.4127864597113398
G_loss:-21.733174266206955
D_loss:-0.4059831709338147
G_loss:-26.418633081879364
D_loss:-0.4044808798000836
G_loss:-30.124803203222495
D_loss:-0.40006899422797426
G_loss:-28.047314205999953
D_loss:-0.40483636006823775
G_loss:-21.055858376230887
D_loss:-0.43248302096262287
G_loss:-26.801463178332007
D_loss:-0.39275813290639544
G_loss:-43.58948267835116
D_loss:-0.3909869354282862
G_loss:-36.05080903736088
D_loss:-0.4054935371975677
G_loss:-31.038203147972126
D_loss:-0.40634547207062094
G_loss:-30.89231114299194
D_loss:-0.4302413293407434
G_loss:-10.360578678545414
D_loss:-0.409210000885706
G_loss:-20.671350284522894
D_loss:-0.43474104917952894
G_loss:-28.956231592918897
D_loss:-0.42434321689221133
G_loss:-28.662536858288064
D_loss:-0.4144909841823772
G_loss:-28.92082551103444
D_loss:-0.40396675883333755
G_loss:-40.530555834279056
D_loss:-0.44276167567044655
G_loss:-31.379189384627857
D_loss:-0.3925679829330599
G_loss:-39.1629094853072
D_loss:-0.4207703996194176
G_loss:-55.68333933348032
D_loss:-0.39046051071593635
G_loss:-72.28180847220446
D_loss:-0.40175843469188294
G_loss:-48.944074172901495
D_loss:-0.4022624875470288
G_loss:-58.804441088537736
D_loss:-0.38331026207940655
G_loss:-35.503201988731824
D_loss:-0.42486750551191443
G_loss:-51.903327887645766
D_loss:-0.41685703305784744
G_loss:-44.073777859568956
D_loss:-0.41233693095205626
G_loss:-67.25564655387922
D_loss:-0.4236502844699622
G_loss:-25.06368688662773
D_loss:-0.43177545818127955
G_loss:-22.702077207772906
D_loss:-0.4218820147188499
G_loss:-23.194961281249633
D_loss:-0.4269286620621222
G_loss:-71.22567283938987
D_loss:-0.3898206177808074
G_loss:-68.3646357678674
D_loss:-0.39651793819220055
G_loss:-63.790436020919906
D_loss:-0.400375852429548
G_loss:-16.366320124849555
D_loss:-0.4298263130560926
G_loss:-43.201642245485324
D_loss:-0.44686851784079457
G_loss:-34.03810146782045
D_loss:-0.4180810768861379
G_loss:-35.96014293249958
D_loss:-0.45604798564057253
G_loss:-32.09356047494697
D_loss:-0.3948656724272044
G_loss:-41.17524149311158
D_loss:-0.4233773073627037
G_loss:-43.5036867950462
D_loss:-0.3979231559428832
G_loss:-35.02031115187595
D_loss:-0.40867674983874924
G_loss:-52.61354830124937
D_loss:-0.3867067806877742
G_loss:-24.74248629778201
D_loss:-0.40337824585650417
G_loss:-49.76962207902521
D_loss:-0.40488968156505445
G_loss:-45.69817683651982
D_loss:-0.4220557807111126
G_loss:-51.503929302142566
D_loss:-0.4388448614268896
G_loss:-52.068913881265125
D_loss:-0.42742093835650474
G_loss:-57.39810783798403
D_loss:-0.4075503012537015
G_loss:-12.799969653087036
D_loss:-0.4143461792209935
G_loss:-23.85333646601244
D_loss:-0.4352351004338697
G_loss:-33.828897152611496
D_loss:-0.4232039902397151
G_loss:-35.60801836992582
D_loss:-0.43040716580696226
G_loss:-58.92017830780363
D_loss:-0.41429073713938924
G_loss:-3.444392225671125
D_loss:-0.42387071343524235
G_loss:-15.422880334214993
D_loss:-0.4547440491889175
G_loss:2.0207421584652216
D_loss:-0.4512993334662597
G_loss:-50.21232041951101
D_loss:-0.5502822974208226
G_loss:-48.009904070677756
D_loss:-0.48944052069835264
G_loss:-35.85510848094273
D_loss:-0.47626110464411603
G_loss:-51.43260312488395
D_loss:-0.5007664894398661
G_loss:-62.21995179575049
D_loss:-0.5256457817894038
G_loss:-10.998837493861435
