Files already downloaded and verified
DATA LOADED SUCCESSFULLY

 Instance is running on:  cuda
EPOCHS: 200
EPOCH 1/200
D_loss:-18.101474384569908
G_loss:11.225746053312289
EPOCH 2/200
D_loss:-4.112919656585608
G_loss:12.146278610169505
EPOCH 3/200
D_loss:-3.0478066451425843
G_loss:13.102040657607253
EPOCH 4/200
D_loss:-2.388042221913605
G_loss:13.432786785581587
EPOCH 5/200
D_loss:-1.912007954228174
G_loss:13.558453813288924
EPOCH 6/200
D_loss:-1.6069630502002628
G_loss:13.705892968927532
EPOCH 7/200
D_loss:-1.4048622906866952
G_loss:13.705198854470423
EPOCH 8/200
D_loss:-1.2462536053522664
G_loss:13.715375389542968
EPOCH 9/200
D_loss:-1.1321637253306314
G_loss:13.702924840855143
EPOCH 10/200
D_loss:-1.0535868439698912
G_loss:13.529797646984367
EPOCH 11/200
D_loss:-0.9911109846102898
G_loss:13.052582976803095
EPOCH 12/200
D_loss:-0.9207704930225065
G_loss:12.760724577213981
EPOCH 13/200
D_loss:-0.8928761140270588
G_loss:12.527748123204933
EPOCH 14/200
D_loss:-0.8441296847781737
G_loss:12.388804083050438
EPOCH 15/200
D_loss:-0.7541648296678856
G_loss:11.672468519810613
EPOCH 16/200
D_loss:-0.6510457996467869
G_loss:10.631924253439799
EPOCH 17/200
D_loss:-0.3009471358516132
G_loss:3.4714564373192394
EPOCH 18/200
D_loss:-0.23753122538104746
G_loss:0.4695891601059871
EPOCH 19/200
D_loss:-0.23264744235883486
G_loss:-0.22062882114108115
EPOCH 20/200
D_loss:-0.2493882226298634
G_loss:-3.1558764634946805
EPOCH 21/200
D_loss:-0.24511314389902045
G_loss:-0.18355865351410616
EPOCH 22/200
D_loss:-0.25448178805508914
G_loss:-1.834518133973961
EPOCH 23/200
D_loss:-0.25633595308908186
G_loss:-3.708782345159036
EPOCH 24/200
D_loss:-0.24108705947874232
G_loss:-4.700267250825341
EPOCH 25/200
D_loss:-0.26342345262795624
G_loss:-2.5188299348583674
EPOCH 26/200
D_loss:-0.29151122918764055
G_loss:-4.255976032108685
EPOCH 27/200
D_loss:-0.25433907312880677
G_loss:-4.70565342741005
EPOCH 28/200
D_loss:-0.2522433703487047
G_loss:-1.9929347719253347
EPOCH 29/200
D_loss:-0.2552006580177153
G_loss:-3.0902993174867235
EPOCH 30/200
D_loss:-0.26961207163788103
G_loss:-5.905277747747559
EPOCH 31/200
D_loss:-0.2676329590943947
G_loss:-1.6535150341338134
EPOCH 32/200
D_loss:-0.2651819764331133
G_loss:-0.6010262502966519
EPOCH 33/200
D_loss:-0.2662241972252173
G_loss:-0.14442071557373
EPOCH 34/200
D_loss:-0.26076225352937793
G_loss:-0.3001256264107724
EPOCH 35/200
D_loss:-0.2595233925594785
G_loss:-4.679493957783127
EPOCH 36/200
D_loss:-0.28623005126547457
G_loss:-7.24389280995367
EPOCH 37/200
D_loss:-0.28740807103173033
G_loss:-8.859635826172145
EPOCH 38/200
D_loss:-0.2853606236424979
G_loss:-8.442513259039885
EPOCH 39/200
D_loss:-0.2865244831125487
G_loss:-4.1028458820761395
EPOCH 40/200
D_loss:-0.28191513648423694
G_loss:-6.863077540603109
EPOCH 41/200
D_loss:-0.2829538396282513
G_loss:-7.049790090786406
EPOCH 42/200
D_loss:-0.2737928679103821
G_loss:-7.740397874010522
EPOCH 43/200
D_loss:-0.2662204991077922
G_loss:-5.417290084680204
EPOCH 44/200
D_loss:-0.2735803428454524
G_loss:-6.620815277496151
EPOCH 45/200
D_loss:-0.2824375722500921
G_loss:-1.7632289621978992
EPOCH 46/200
D_loss:-0.30702975367887214
G_loss:-3.1638001928797106
EPOCH 47/200
D_loss:-0.2815473878116265
G_loss:-8.771520900933684
EPOCH 48/200
D_loss:-0.2928110005833351
G_loss:-1.7437887523428695
EPOCH 49/200
D_loss:-0.2649387843442691
G_loss:0.46060766947203724
EPOCH 50/200
D_loss:-0.29649534435179775
G_loss:-5.778403436101424
EPOCH 51/200
D_loss:-0.30606746828789655
G_loss:-9.470923307195946
EPOCH 52/200
D_loss:-0.30566295413479755
G_loss:-3.199360703477797
EPOCH 53/200
D_loss:-0.33170895417588353
G_loss:-5.396962181438903
EPOCH 54/200
D_loss:-0.3055603276482791
G_loss:-1.5994014551212836
EPOCH 55/200
D_loss:-0.313295976205219
G_loss:-1.613816935415
EPOCH 56/200
D_loss:-0.3117002969766587
G_loss:-7.962031806527456
EPOCH 57/200
D_loss:-0.3102408757693951
G_loss:-2.0977980376438
EPOCH 58/200
D_loss:-0.3000541037329271
G_loss:-6.527501002325436
EPOCH 59/200
D_loss:-0.2810639388847554
G_loss:-5.213439821769366
EPOCH 60/200
D_loss:-0.3047133787129497
G_loss:-6.015084415220861
EPOCH 61/200
D_loss:-0.32066120651701563
G_loss:-2.9812808068773755
EPOCH 62/200
D_loss:-0.3033892309751497
G_loss:-1.9166588611578648
EPOCH 63/200
D_loss:-0.3151876519984756
G_loss:0.5578079921922716
EPOCH 64/200
D_loss:-0.30465845897377924
G_loss:0.008871130273912254
EPOCH 65/200
D_loss:-0.3341269589111239
G_loss:-6.301779295507625
EPOCH 66/200
D_loss:-0.3052984038445111
G_loss:-6.039462397000369
EPOCH 67/200
D_loss:-0.3131354929368241
G_loss:-5.934308462485705
EPOCH 68/200
D_loss:-0.29879532040469464
G_loss:-4.832312962068432
EPOCH 69/200
D_loss:-0.3037629106608809
G_loss:-6.4095550864536595
EPOCH 70/200
D_loss:-0.3259337973501237
G_loss:0.851491031657511
EPOCH 71/200
D_loss:-0.3060934596773359
G_loss:2.6442980802424643
EPOCH 72/200
D_loss:-0.337270222942172
G_loss:-0.3639382850103452
EPOCH 73/200
D_loss:-0.3162603293451095
G_loss:-7.470116468178083
EPOCH 74/200
D_loss:-0.3363304308033919
G_loss:-10.484560628667637
EPOCH 75/200
D_loss:-0.30555956819198493
G_loss:-6.047506168707836
EPOCH 76/200
D_loss:-0.33035053762156497
G_loss:0.48481258446315617
EPOCH 77/200
D_loss:-0.3511649042238349
G_loss:-7.947620968039159
EPOCH 78/200
D_loss:-0.36328742268660874
G_loss:-4.165242382383806
EPOCH 79/200
D_loss:-0.3472553541188627
G_loss:3.1040562331149353
EPOCH 80/200
D_loss:-0.33709976947716097
G_loss:-10.802285925484023
EPOCH 81/200
D_loss:-0.3302340671028374
G_loss:-9.3964247291978
EPOCH 82/200
D_loss:-0.3249017015384329
G_loss:-4.569689782644455
EPOCH 83/200
D_loss:-0.3200693847225336
G_loss:-14.221140873457953
EPOCH 84/200
D_loss:-0.32705259353388116
G_loss:-5.901576325325479
EPOCH 85/200
D_loss:-0.324386460382166
G_loss:-14.431393235554001
EPOCH 86/200
D_loss:-0.31558345684052536
G_loss:2.4060472860071314
EPOCH 87/200
D_loss:-0.33641048215048563
G_loss:-0.3190202650022453
EPOCH 88/200
D_loss:-0.3269531286808116
G_loss:-0.9146451144818919
EPOCH 89/200
D_loss:-0.3321846758733358
G_loss:-9.205471880036944
EPOCH 90/200
D_loss:-0.31289174298147504
G_loss:-9.966912780085906
EPOCH 91/200
D_loss:-0.328441044985193
G_loss:-9.139764487497365
EPOCH 92/200
D_loss:-0.31453038555966933
G_loss:-23.305601463327196
EPOCH 93/200
D_loss:-0.30594320339934084
G_loss:-23.873262284511014
EPOCH 94/200
D_loss:-0.3086179596202816
G_loss:-11.497868163060131
EPOCH 95/200
D_loss:-0.3345736128680781
G_loss:-5.021417899318501
EPOCH 96/200
D_loss:-0.3375634231262723
G_loss:-17.087671361484066
EPOCH 97/200
D_loss:-0.3358047386285049
G_loss:-12.004025163679579
EPOCH 98/200
D_loss:-0.3341611271542544
G_loss:-12.896934362290057
EPOCH 99/200
D_loss:-0.33954838031431284
G_loss:-3.9757329165045334
EPOCH 100/200
D_loss:-0.3421700438797908
G_loss:-6.835882344160721
EPOCH 101/200
D_loss:-0.33228345606889853
G_loss:-11.559730001522611
EPOCH 102/200
D_loss:-0.31647665045431445
G_loss:-5.67167266897048
EPOCH 103/200
D_loss:-0.33170825670537
G_loss:-11.403361223710709
EPOCH 104/200
D_loss:-0.3329774760533337
G_loss:-13.120740780538931
EPOCH 105/200
D_loss:-0.30544428060093937
G_loss:-17.47588056231843
EPOCH 106/200
D_loss:-0.31495056686108125
G_loss:-12.95664221734137
EPOCH 107/200
D_loss:-0.3261684067522062
G_loss:-6.339597249339747
EPOCH 108/200
D_loss:-0.2864368573782614
G_loss:-2.6961431159186895
EPOCH 109/200
D_loss:-0.3216220006997216
G_loss:-9.561963830450125
EPOCH 110/200
D_loss:-0.3014367588512369
G_loss:-11.39723526657846
EPOCH 111/200
D_loss:-0.3054162850945753
G_loss:-2.130826411783437
EPOCH 112/200
D_loss:-0.3189425813756459
G_loss:-16.885718277996418
EPOCH 113/200
D_loss:-0.32955404709198616
G_loss:-19.730842152337473
EPOCH 114/200
D_loss:-0.3374495068545263
G_loss:-15.46035529356158
EPOCH 115/200
D_loss:-0.3457778527278731
G_loss:-23.61636575787273
EPOCH 116/200
D_loss:-0.3364951985430945
G_loss:-14.587210906664824
EPOCH 117/200
D_loss:-0.3813045797925581
G_loss:-5.246992259652428
EPOCH 118/200
D_loss:-0.35573077458136393
G_loss:-12.545244131124798
EPOCH 119/200
D_loss:-0.35621338480696907
G_loss:-13.115743300227908
EPOCH 120/200
D_loss:-0.3487498152414228
G_loss:-16.933506623087368
EPOCH 121/200
D_loss:-0.3270153089158098
G_loss:-15.918397893236492
EPOCH 122/200
D_loss:-0.3443818458470178
G_loss:-21.48107569657219
EPOCH 123/200
D_loss:-0.3276621459276383
G_loss:-23.436862965591203
EPOCH 124/200
D_loss:-0.31608594936514955
G_loss:-22.416553292029892
EPOCH 125/200
D_loss:-0.3079738746415502
G_loss:-22.17982960894189
EPOCH 126/200
D_loss:-0.3372325129574527
G_loss:-19.74251751104642
EPOCH 127/200
D_loss:-0.33170083933136424
G_loss:-18.251781142354268
EPOCH 128/200
D_loss:-0.31591219600639964
G_loss:-10.035754687351947
EPOCH 129/200
D_loss:-0.3217009008605814
G_loss:-20.4268564753094
EPOCH 130/200
D_loss:-0.3426891891756922
G_loss:-9.010445599343479
EPOCH 131/200
D_loss:-0.31645942723156034
G_loss:-0.5585858074350747
EPOCH 132/200
D_loss:-0.33008977265925316
G_loss:2.1594848512853493
EPOCH 133/200
D_loss:-0.36370798553478934
G_loss:-13.295115415345451
EPOCH 134/200
D_loss:-0.3423303197594537
G_loss:-9.530014306121746
EPOCH 135/200
D_loss:-0.3485032507279551
G_loss:-14.204046820095924
EPOCH 136/200
D_loss:-0.3148042070312551
G_loss:-15.609492182122478
EPOCH 137/200
D_loss:-0.3431378724669976
G_loss:-6.924362275324202
EPOCH 138/200
D_loss:-0.34262106779859447
G_loss:-16.11749947229227
EPOCH 139/200
D_loss:-0.34100813299121846
G_loss:1.3555755140535137
EPOCH 140/200
D_loss:-0.30317102765203907
G_loss:-1.7469348329125343
EPOCH 141/200
D_loss:-0.3275506185830808
G_loss:-21.002427405828865
EPOCH 142/200
D_loss:-0.3379596279748844
G_loss:-16.590626487233123
EPOCH 143/200
D_loss:-0.3343472422525623
G_loss:-5.778134751434692
EPOCH 144/200
D_loss:-0.36220543079778056
G_loss:-27.331790451143206
EPOCH 145/200
D_loss:-0.3403845954362418
G_loss:-0.7575114131454103
EPOCH 146/200
D_loss:-0.3170940293764098
G_loss:9.69771712780608
EPOCH 147/200
D_loss:-0.3417467460899146
G_loss:-7.63115552347858
EPOCH 148/200
D_loss:-0.32062474119099366
G_loss:-24.534956086023993
EPOCH 149/200
D_loss:-0.3303212010482506
G_loss:-14.12411237659121
EPOCH 150/200
D_loss:-0.3227920959902399
G_loss:-35.38212297231705
EPOCH 151/200
D_loss:-0.35014919821526624
G_loss:-25.022425837793726
EPOCH 152/200
D_loss:-0.34469292775062293
G_loss:-28.926407361705323
EPOCH 153/200
D_loss:-0.3560985390046019
G_loss:-27.770285762996394
EPOCH 154/200
D_loss:-0.326741889015581
G_loss:-22.510211814040282
EPOCH 155/200
D_loss:-0.349178792453817
G_loss:-12.703323130602449
EPOCH 156/200
D_loss:-0.3401618623754247
G_loss:-11.389769209546502
EPOCH 157/200
D_loss:-0.32611850867605663
G_loss:-16.87368386536548
EPOCH 158/200
D_loss:-0.3698912277453112
G_loss:-26.034758476338894
EPOCH 159/200
D_loss:-0.3228412431136859
G_loss:-12.602846279215536
EPOCH 160/200
D_loss:-0.3270843652086533
G_loss:3.1489042125899966
EPOCH 161/200
D_loss:-0.32806106319684936
G_loss:-8.253233845661956
EPOCH 162/200
D_loss:-0.3456133574117219
G_loss:4.445098589115299
EPOCH 163/200
D_loss:-0.3331198240855814
G_loss:4.221117726479126
EPOCH 164/200
D_loss:-0.3243583867255352
G_loss:-20.21642975473028
EPOCH 165/200
D_loss:-0.3423474854859219
G_loss:-14.988134898230065
EPOCH 166/200
D_loss:-0.3339957341109552
G_loss:-18.01026929414376
EPOCH 167/200
D_loss:-0.3280486697383969
G_loss:-13.859263081301505
EPOCH 168/200
D_loss:-0.32581457563638677
G_loss:-1.6476283649181724
EPOCH 169/200
D_loss:-0.336392381093822
G_loss:3.7454572239937582
EPOCH 170/200
D_loss:-0.32469588081841483
G_loss:-11.746407953985377
EPOCH 171/200
D_loss:-0.3209912811121497
G_loss:-11.268261075798863
EPOCH 172/200
D_loss:-0.32949253449281674
G_loss:12.080590869544887
EPOCH 173/200
D_loss:-0.32570137941738175
G_loss:-18.908053023970254
EPOCH 174/200
D_loss:-0.3561738819314043
G_loss:-4.375169687460394
EPOCH 175/200
D_loss:-0.35640193349820926
G_loss:-7.371619166431467
EPOCH 176/200
D_loss:-0.3325232660764351
G_loss:6.249697523769085
EPOCH 177/200
D_loss:-0.3317523041760553
G_loss:-20.045269601704238
EPOCH 178/200
D_loss:-0.3504037040672164
G_loss:-15.302661359987807
EPOCH 179/200
D_loss:-0.33881672068236235
G_loss:-23.138739404245186
EPOCH 180/200
D_loss:-0.3293788685331945
G_loss:-39.669357544293796
EPOCH 181/200
D_loss:-0.348753485608143
G_loss:-3.063698398366382
EPOCH 182/200
D_loss:-0.3201603406461464
G_loss:-17.30553512398457
EPOCH 183/200
D_loss:-0.34361325929456954
G_loss:-23.68655224751869
EPOCH 184/200
D_loss:-0.3639055889022419
G_loss:-14.143826353281693
EPOCH 185/200
D_loss:-0.3591234340747213
G_loss:5.410708949880095
EPOCH 186/200
D_loss:-0.34087026605635945
G_loss:-10.741044373889945
EPOCH 187/200
D_loss:-0.31883015802456643
G_loss:-16.89664298891085
EPOCH 188/200
D_loss:-0.30980439460338377
G_loss:-33.93355996466883
EPOCH 189/200
D_loss:-0.3217855779761269
G_loss:-15.49006573974198
EPOCH 190/200
D_loss:-0.33588815843027575
G_loss:-2.759709508087978
EPOCH 191/200
D_loss:-0.3694679575734312
G_loss:-24.424694789834785
EPOCH 192/200
D_loss:-0.3431970799144846
G_loss:-22.922418314096642
EPOCH 193/200
D_loss:-0.3227410152909996
G_loss:-7.199103458820828
EPOCH 194/200
D_loss:-0.3303952929992149
G_loss:-20.828581990100165
EPOCH 195/200
D_loss:-0.3268882476411135
G_loss:-15.110477022201119
EPOCH 196/200
D_loss:-0.3342316248460742
G_loss:-31.92960593339135
EPOCH 197/200
D_loss:-0.37303661418027506
G_loss:-17.638542026184094
EPOCH 198/200
D_loss:-0.33169212808747145
G_loss:-45.8506171712335
EPOCH 199/200
D_loss:-0.35276729069117935
G_loss:-22.721880486373276
EPOCH 200/200
D_loss:-0.3602753744418159
G_loss:-32.33655224040665
