Files already downloaded and verified
DATA LOADED SUCCESSFULLY

 Instance is running on:  cuda
EPOCHS: 200


Epoch 1/200:
D_loss:-32259.326906704016
G_loss:15648.188402761576


Epoch 2/200:
D_loss:-228358.90595641808
G_loss:107712.27193734031


Epoch 3/200:
D_loss:-616339.8999828012
G_loss:284716.34024297365


Epoch 4/200:
D_loss:-1206837.3873132807
G_loss:557402.5210175904


Epoch 5/200:
D_loss:-1996171.4662047883
G_loss:921794.727446934


Epoch 6/200:
D_loss:-2984352.906780665
G_loss:1377841.721648978


Epoch 7/200:
D_loss:-4171345.2230935297
G_loss:1925563.7070558176


Epoch 8/200:
D_loss:-5557341.644025148
G_loss:2565044.771029874


Epoch 9/200:
D_loss:-7142179.3306604065
G_loss:3296205.290782233


Epoch 10/200:
D_loss:-8925869.9046383
G_loss:4119035.9423152516


Epoch 11/200:
D_loss:-10908340.9642296
G_loss:5033539.28125


Epoch 12/200:
D_loss:-13089541.18364777
G_loss:6039721.588443397


Epoch 13/200:
D_loss:-15468841.011320816
G_loss:7137084.226611636


Epoch 14/200:
D_loss:-18039356.82916668
G_loss:8321855.42413522


Epoch 15/200:
D_loss:-20805915.75786159
G_loss:9596676.749606919


Epoch 16/200:
D_loss:-23770005.815094247
G_loss:10962462.810927672


Epoch 17/200:
D_loss:-26931286.61022012
G_loss:12419298.953223271


Epoch 18/200:
D_loss:-30290846.932704452
G_loss:13967150.505896226


Epoch 19/200:
D_loss:-33847927.67594334
G_loss:15606005.043238994


Epoch 20/200:
D_loss:-37603064.14685559
G_loss:17335850.16077044


Epoch 21/200:
D_loss:-41555092.54496871
G_loss:19156637.17610063


Epoch 22/200:
D_loss:-45705053.756289154
G_loss:21068439.29245283


Epoch 23/200:
D_loss:-50051593.541509375
G_loss:23071295.205974843


Epoch 24/200:
D_loss:-54596703.2169811
G_loss:25165163.340408806


Epoch 25/200:
D_loss:-59338705.48584899
G_loss:27350016.648584906


Epoch 26/200:
D_loss:-64275436.64371079
G_loss:29624173.045597482


Epoch 27/200:
D_loss:-69399956.58584908
G_loss:31985276.930031445


Epoch 28/200:
D_loss:-74722169.48301889
G_loss:34436939.26100629


Epoch 29/200:
D_loss:-80240424.21509445
G_loss:36979155.635220125


Epoch 30/200:
D_loss:-85954766.77672943
G_loss:39612038.29874214


Epoch 31/200:
D_loss:-91865861.86855341
G_loss:42335362.33018868


Epoch 32/200:
D_loss:-97975151.8094344
G_loss:45149386.39779874


Epoch 33/200:
D_loss:-104280250.15471727
G_loss:48054138.04402516


Epoch 34/200:
D_loss:-110781157.99748443
G_loss:51049382.121069185


Epoch 35/200:
D_loss:-117480035.6823896
G_loss:54135299.4245283


Epoch 36/200:
D_loss:-124373967.93710761
G_loss:57311685.46226415


Epoch 37/200:
D_loss:-131465922.94150959
G_loss:60578502.13993711


Epoch 38/200:
D_loss:-138755157.07044014
G_loss:63936197.26572327


Epoch 39/200:
D_loss:-146241488.6704399
G_loss:67384612.82861635


Epoch 40/200:
D_loss:-153921385.07924473
G_loss:70923638.87106918


Epoch 41/200:
D_loss:-161798015.28050286
G_loss:74552797.57861635


Epoch 42/200:
D_loss:-169874694.67044052
G_loss:78272926.00943395


Epoch 43/200:
D_loss:-178147355.24654025
G_loss:82083558.83333333


Epoch 44/200:
D_loss:-186611704.6088058
G_loss:85984825.4528302


Epoch 45/200:
D_loss:-195278589.29433954
G_loss:89976605.9591195


Epoch 46/200:
D_loss:-204139182.7333335
G_loss:94059136.40880503


Epoch 47/200:
D_loss:-213191687.44025108
G_loss:98231863.01257862


Epoch 48/200:
D_loss:-222451770.09811395
G_loss:102495305.89622642


Epoch 49/200:
D_loss:-231889040.44905663
G_loss:106849442.98113208


Epoch 50/200:
D_loss:-241548338.55345947
G_loss:111294231.55660377


Epoch 51/200:
D_loss:-251379743.19119442
G_loss:115829040.46226415


Epoch 52/200:
D_loss:-261408380.63270426
G_loss:120449859.94654088


Epoch 53/200:
D_loss:-271631806.213836
G_loss:125161698.17924528


Epoch 54/200:
D_loss:-282051541.6754733
G_loss:129963322.27987422


Epoch 55/200:
D_loss:-292664377.62515527
G_loss:134855267.6289308


Epoch 56/200:
D_loss:-303458839.27295613
G_loss:139837027.49685535


Epoch 57/200:
D_loss:-314473101.104402
G_loss:144909127.1572327


Epoch 58/200:
D_loss:-325680353.8389933
G_loss:150072790.6289308


Epoch 59/200:
D_loss:-337061450.427671
G_loss:155326188.836478


Epoch 60/200:
D_loss:-348656872.51320684
G_loss:160668493.25786164


Epoch 61/200:
D_loss:-360442908.933333
G_loss:166102733.6981132


Epoch 62/200:
D_loss:-372416976.6012591
G_loss:171626389.6792453


Epoch 63/200:
D_loss:-384609270.7723275
G_loss:177240393.9119497


Epoch 64/200:
D_loss:-396977928.8981152
G_loss:182945559.18238994


Epoch 65/200:
D_loss:-409541839.9723273
G_loss:188740697.1572327


Epoch 66/200:
D_loss:-422307466.97358286
G_loss:194626045.18867925


Epoch 67/200:
D_loss:-435265257.5849046
G_loss:200602073.3018868


Epoch 68/200:
D_loss:-448419705.4993713
G_loss:206666759.03144655


Epoch 69/200:
D_loss:-461753423.02390033
G_loss:212822352.03144655


Epoch 70/200:
D_loss:-475321848.289307
G_loss:219068115.7106918


Epoch 71/200:
D_loss:-489046043.82893044
G_loss:225405241.7610063


Epoch 72/200:
D_loss:-502993814.52578545
G_loss:231831431.6100629


Epoch 73/200:
D_loss:-517113283.0389941
G_loss:238348278.81761006


Epoch 74/200:
D_loss:-531444954.1433983
G_loss:244955973.5974843


Epoch 75/200:
D_loss:-545965036.6893084
G_loss:251654228.72955975


Epoch 76/200:
D_loss:-560680186.161007
G_loss:258440879.0691824


Epoch 77/200:
D_loss:-575603624.4327073
G_loss:265319385.9937107


Epoch 78/200:
D_loss:-590702283.3761005
G_loss:272287194.2767296


Epoch 79/200:
D_loss:-605954592.0981133
G_loss:279343143.8238994


Epoch 80/200:
D_loss:-621483585.9119498
G_loss:286484755.6226415


Epoch 81/200:
D_loss:-637193043.9194967
G_loss:293724543.9748428


Epoch 82/200:
D_loss:-653066500.3874199
G_loss:301051990.8176101


Epoch 83/200:
D_loss:-669165577.0968539
G_loss:308470404.6666667


Epoch 84/200:
D_loss:-685427001.8465374
G_loss:315978582.9433962


Epoch 85/200:
D_loss:-701920178.9484262
G_loss:323578238.4528302


Epoch 86/200:
D_loss:-718598385.2176106
G_loss:331268358.8301887


Epoch 87/200:
D_loss:-735460634.3144637
G_loss:339048037.0943396


Epoch 88/200:
D_loss:-752525027.0591193
G_loss:346918066.3018868


Epoch 89/200:
D_loss:-769778081.6503121
G_loss:354878206.4402516


Epoch 90/200:
D_loss:-787220008.5333327
G_loss:362925555.2201258


Epoch 91/200:
D_loss:-804863026.2188694
G_loss:371064421.6477987


Epoch 92/200:
D_loss:-822711156.9962264
G_loss:379292870.5660377


Epoch 93/200:
D_loss:-840733168.1559803
G_loss:387613119.1572327


Epoch 94/200:
D_loss:-858938588.2867929
G_loss:396022502.0


Epoch 95/200:
D_loss:-877316994.0528237
G_loss:404518788.6037736


Epoch 96/200:
D_loss:-895927893.6905669
G_loss:413100964.0754717


Epoch 97/200:
D_loss:-914763180.4880475
G_loss:421779188.9433962


Epoch 98/200:
D_loss:-933772281.8062905
G_loss:430547774.8301887


Epoch 99/200:
D_loss:-952972534.0276719
G_loss:439404772.9685535


Epoch 100/200:
D_loss:-972391628.5534576
G_loss:448353877.0188679


Epoch 101/200:
D_loss:-991989323.7283022
G_loss:457394661.4465409


Epoch 102/200:
D_loss:-1011903870.2264112
G_loss:466611330.7798742


Epoch 103/200:
D_loss:-1032467997.4591181
G_loss:476170007.7610063


Epoch 104/200:
D_loss:-1053302506.4704449
G_loss:485842529.0566038


Epoch 105/200:
D_loss:-1074367950.938363
G_loss:495611468.1006289


Epoch 106/200:
D_loss:-1095621833.74088
G_loss:505481815.7861635


Epoch 107/200:
D_loss:-1117035193.3132105
G_loss:515452056.3018868


Epoch 108/200:
D_loss:-1138715498.4050295
G_loss:525507454.3899371


Epoch 109/200:
D_loss:-1160526516.3874216
G_loss:535663833.0566038


Epoch 110/200:
D_loss:-1182628870.893081
G_loss:545904025.8113208


Epoch 111/200:
D_loss:-1204845231.1647778
G_loss:556243519.018868


Epoch 112/200:
D_loss:-1227357207.5169897
G_loss:566686171.3962264


Epoch 113/200:
D_loss:-1249992245.433964
G_loss:577222847.8490566


Epoch 114/200:
D_loss:-1272825383.8893058
G_loss:587845795.345912


Epoch 115/200:
D_loss:-1295974454.3094301
G_loss:598570824.4779874


Epoch 116/200:
D_loss:-1319196823.6276712
G_loss:609396735.8490566


Epoch 117/200:
D_loss:-1342730269.6452816
G_loss:620314572.7798742


Epoch 118/200:
D_loss:-1366436831.1044023
G_loss:631336491.018868


Epoch 119/200:
D_loss:-1390363645.4842842
G_loss:642449528.427673


Epoch 120/200:
D_loss:-1414432285.3132145
G_loss:653656105.9622642


Epoch 121/200:
D_loss:-1438762470.2088106
G_loss:664958588.6792452


Epoch 122/200:
D_loss:-1463156198.6012585
G_loss:676349965.1320754


Epoch 123/200:
D_loss:-1487961355.9345853
G_loss:687839502.8427672


Epoch 124/200:
D_loss:-1512825572.618863
G_loss:699425198.9937106


Epoch 125/200:
D_loss:-1537905565.9874191
G_loss:711097568.327044


Epoch 126/200:
D_loss:-1563297565.6251566
G_loss:722869121.8867924


Epoch 127/200:
D_loss:-1588542105.600002
G_loss:734736473.8113208


Epoch 128/200:
D_loss:-1614435828.2163477
G_loss:746684005.6352202


Epoch 129/200:
D_loss:-1640408792.7144706
G_loss:758750964.3018868


Epoch 130/200:
D_loss:-1666535989.7358491
G_loss:770912594.490566


Epoch 131/200:
D_loss:-1692921822.4503033
G_loss:783173571.3962264


Epoch 132/200:
D_loss:-1719467769.6704412
G_loss:795530920.2767296


Epoch 133/200:
D_loss:-1746232140.4880524
G_loss:807978505.2578616


Epoch 134/200:
D_loss:-1773277393.4188654
G_loss:820530539.8742138


Epoch 135/200:
D_loss:-1800363000.8352175
G_loss:833172463.4465408


Epoch 136/200:
D_loss:-1827711538.5559766
G_loss:845903875.9748428


Epoch 137/200:
D_loss:-1855312579.42139
G_loss:858719920.8805032


Epoch 138/200:
D_loss:-1883139811.9044013
G_loss:871648468.5786164


Epoch 139/200:
D_loss:-1911070201.197479
G_loss:884673479.8238994


Epoch 140/200:
D_loss:-1939233879.8893094
G_loss:897789640.5786164


Epoch 141/200:
D_loss:-1967721685.59497
G_loss:911001306.9685534


Epoch 142/200:
D_loss:-1996242569.8515644
G_loss:924312776.5786164


Epoch 143/200:
D_loss:-2024928373.7358506
G_loss:937708894.918239


Epoch 144/200:
D_loss:-2053948968.3723307
G_loss:951191051.0691824


Epoch 145/200:
D_loss:-2083162816.3521981
G_loss:964773052.0503144


Epoch 146/200:
